<?xml version="1.0" encoding="UTF-8"?>
<beans xmlns="http://www.springframework.org/schema/beans"
       xmlns:xsi="http://www.w3.org/2001/XMLSchema-instance"
       xmlns:tx="http://www.springframework.org/schema/tx" xmlns:aop="http://www.springframework.org/schema/aop"
       xsi:schemaLocation="http://www.springframework.org/schema/beans http://www.springframework.org/schema/beans/spring-beans.xsd
       http://www.springframework.org/schema/tx http://www.springframework.org/schema/tx/spring-tx-4.0.xsd
	   http://www.springframework.org/schema/aop http://www.springframework.org/schema/aop/spring-aop.xsd
       ">
    <description>Spring数据源配置</description>
    <!--  使用jakarta的dbcp开源数据库连接池方案定义一个数据源，驱动器com.mysl.jdbc.Driver-->
    <bean id="dataSource" class="org.apache.commons.dbcp.BasicDataSource"
          destroy-method="close">
        <property name="driverClassName" value="com.mysql.jdbc.Driver"/>
        <property name="url" value="jdbc:mysql://localhost:3306/test"/>
        <property name="username" value="root"/>
        <property name="password" value="yyh123"/>
    </bean>
    <!--定义jdbc模板bean-->
    <bean id="jdbcTemplate" class="org.springframework.jdbc.core.JdbcTemplate">
        <property name="dataSource" ref="dataSource"/>
    </bean>
    <!--配置事务管理器-->
    <bean id="transactionManger" class="org.springframework.jdbc.datasource.DataSourceTransactionManager">
        <property name="dataSource" ref="dataSource"/>
    </bean>
    <!--通过aop配置提供事务增强，让service包下所有的bean的所有方法拥有事务-->
    <aop:config>
        <aop:pointcut id="serviceMethod" expression="execution(* com.matthew.changpu..*(..))"/>
        <aop:advisor advice-ref="txAdvice" pointcut-ref="serviceMethod"/>
    </aop:config>
    <tx:advice id="txAdvice" transaction-manager="transactionManger">
        <tx:attributes>
            <tx:method name="query*" read-only="true"/>
            <tx:method name="use*" read-only="true"/>
            <tx:method name="get*" read-only="true" />
            <tx:method name="count*" read-only="true" />
            <tx:method name="find*" read-only="true" />
            <tx:method name="list*" read-only="true" />
            <tx:method name="*" propagation="REQUIRED"/>
        </tx:attributes>
    </tx:advice>
</beans>