<?xml version="1.0" encoding="UTF-8"?>
<beans xmlns="http://www.springframework.org/schema/beans"
       xmlns:xsi="http://www.w3.org/2001/XMLSchema-instance"
       xmlns:context="http://www.springframework.org/schema/context"
       xsi:schemaLocation="http://www.springframework.org/schema/beans http://www.springframework.org/schema/beans/spring-beans.xsd
       http://www.springframework.org/schema/context http://www.springframework.org/schema/context/spring-context-4.0.xsd
       ">
    <description>公共配置</description>
    <bean class="com.matthew.changpu.common.springmvc.SpringContextHolder" lazy-init="true"/>

    <!--使用annotation自动注册bean-->
    <context:component-scan base-package="com.matthew.changpu"/>
    <!--数据源配置-->
    <import resource="test-res.xml"/>

</beans>